#
# There is insufficient memory for the Java Runtime Environment to continue.
# Native memory allocation (mmap) failed to map 123731968 bytes for Failed to commit area from 0x000000008a000000 to 0x0000000091600000 of length 123731968.
# Possible reasons:
#   The system is out of physical RAM or swap space
#   The process is running with CompressedOops enabled, and the Java Heap may be blocking the growth of the native heap
# Possible solutions:
#   Reduce memory load on the system
#   Increase physical memory or swap space
#   Check if swap backing store is full
#   Decrease Java heap size (-Xmx/-Xms)
#   Decrease number of Java threads
#   Decrease Java thread stack sizes (-Xss)
#   Set larger code cache with -XX:ReservedCodeCacheSize=
# This output file may be truncated or incomplete.
#
#  Out of Memory Error (./open/src/hotspot/os/windows/os_windows.cpp:3287), pid=3076, tid=18780
#
# JRE version:  (11.0.15+8) (build )
# Java VM: Java HotSpot(TM) 64-Bit Server VM (11.0.15+8-LTS-149, mixed mode, sharing, tiered, compressed oops, g1 gc, windows-amd64)
# No core dump will be written. Minidumps are not enabled by default on client versions of Windows
#

---------------  S U M M A R Y ------------

Command Line: -XX:TieredStopAtLevel=1 -Xverify:none -Dspring.output.ansi.enabled=always -Dcom.sun.management.jmxremote -Dspring.jmx.enabled=true -Dspring.liveBeansView.mbeanDomain -Dspring.application.admin.enabled=true -javaagent:C:\Program Files\JetBrains\IntelliJ IDEA 2022.1.1\lib\idea_rt.jar=53364:C:\Program Files\JetBrains\IntelliJ IDEA 2022.1.1\bin -Dfile.encoding=UTF-8 com.app.configclient.ConfigClientApplication

Host: AMD Ryzen 7 5700G with Radeon Graphics         , 16 cores, 7G,  Windows 11 , 64 bit Build 22000 (10.0.22000.675)
Time: Sun May 22 21:41:55 2022 Turkey Standard Time elapsed time: 0.014434 seconds (0d 0h 0m 0s)

---------------  T H R E A D  ---------------

Current thread (0x000001e2ac423800):  JavaThread "Unknown thread" [_thread_in_vm, id=18780, stack(0x0000008681100000,0x0000008681200000)]

Stack: [0x0000008681100000,0x0000008681200000]
Native frames: (J=compiled Java code, j=interpreted, Vv=VM code, C=native code)
V  [jvm.dll+0x629d8a]
V  [jvm.dll+0x7638ff]
V  [jvm.dll+0x764fa9]
V  [jvm.dll+0x765633]
V  [jvm.dll+0x23d9c8]
V  [jvm.dll+0x6270aa]
V  [jvm.dll+0x61be35]
V  [jvm.dll+0x2f27dc]
V  [jvm.dll+0x2f2662]
V  [jvm.dll+0x2f7386]
V  [jvm.dll+0x339d8f]
V  [jvm.dll+0x3397c0]
V  [jvm.dll+0x2cfdf8]
V  [jvm.dll+0x2d0f66]
V  [jvm.dll+0x73df07]
V  [jvm.dll+0x73f79f]
V  [jvm.dll+0x346ab9]
V  [jvm.dll+0x723810]
V  [jvm.dll+0x3b56cf]
V  [jvm.dll+0x3b77e1]
C  [jli.dll+0x5207]
C  [ucrtbase.dll+0x26c0c]
C  [KERNEL32.DLL+0x154e0]
C  [ntdll.dll+0x485b]


---------------  P R O C E S S  ---------------

Threads class SMR info:
_java_thread_list=0x000001e2aa1d26e0, length=0, elements={
}

Java Threads: ( => current thread )

Other Threads:
  0x000001e2ac438000 GCTaskThread "GC Thread#0" [stack: 0x0000008681200000,0x0000008681300000] [id=1864]
  0x000001e2ac469800 ConcurrentGCThread "G1 Main Marker" [stack: 0x0000008681300000,0x0000008681400000] [id=2608]
  0x000001e2ac46c000 ConcurrentGCThread "G1 Conc#0" [stack: 0x0000008681400000,0x0000008681500000] [id=14124]

[error occurred during error reporting (printing all threads), id 0xc0000005, EXCEPTION_ACCESS_VIOLATION (0xc0000005) at pc=0x00007ff9e3e0f087]

VM state:not at safepoint (not fully initialized)

VM Mutex/Monitor currently owned by a thread:  ([mutex/lock_event])
[0x000001e2ac41fce0] Heap_lock - owner thread: 0x000001e2ac423800

Heap address: 0x000000008a000000, size: 1888 MB, Compressed Oops mode: Non-zero based: 0x000000008a000000
Narrow klass base: 0x0000000000000000, Narrow klass shift: 0

GC Heap History (0 events):
No events

Deoptimization events (0 events):
No events

Classes redefined (0 events):
No events

Internal exceptions (0 events):
No events

Events (0 events):
No events


Dynamic libraries:
0x00007ff689700000 - 0x00007ff68970f000 	C:\Program Files\Java\jdk-11.0.15\bin\java.exe
0x00007ffa60420000 - 0x00007ffa60629000 	C:\Windows\SYSTEM32\ntdll.dll
0x00007ffa5e6a0000 - 0x00007ffa5e75d000 	C:\Windows\System32\KERNEL32.DLL
0x00007ffa5dc60000 - 0x00007ffa5dfd9000 	C:\Windows\System32\KERNELBASE.dll
0x00007ffa5e080000 - 0x00007ffa5e191000 	C:\Windows\System32\ucrtbase.dll
0x00007ff9e52d0000 - 0x00007ff9e52e8000 	C:\Program Files\Java\jdk-11.0.15\bin\jli.dll
0x00007ff9e52f0000 - 0x00007ff9e5305000 	C:\Program Files\Java\jdk-11.0.15\bin\VCRUNTIME140.dll
0x00007ffa60040000 - 0x00007ffa600ee000 	C:\Windows\System32\ADVAPI32.dll
0x00007ffa5ee30000 - 0x00007ffa5eed3000 	C:\Windows\System32\msvcrt.dll
0x00007ffa60170000 - 0x00007ffa6020e000 	C:\Windows\System32\sechost.dll
0x00007ffa5f890000 - 0x00007ffa5f9b0000 	C:\Windows\System32\RPCRT4.dll
0x00007ffa5fe90000 - 0x00007ffa6003c000 	C:\Windows\System32\USER32.dll
0x00007ffa45bf0000 - 0x00007ffa45e95000 	C:\Windows\WinSxS\amd64_microsoft.windows.common-controls_6595b64144ccf1df_6.0.22000.120_none_9d947278b86cc467\COMCTL32.dll
0x00007ffa5db00000 - 0x00007ffa5db26000 	C:\Windows\System32\win32u.dll
0x00007ffa5edf0000 - 0x00007ffa5ee19000 	C:\Windows\System32\GDI32.dll
0x00007ffa5e1a0000 - 0x00007ffa5e2b2000 	C:\Windows\System32\gdi32full.dll
0x00007ffa5dfe0000 - 0x00007ffa5e07d000 	C:\Windows\System32\msvcp_win.dll
0x00007ffa54780000 - 0x00007ffa5478a000 	C:\Windows\SYSTEM32\VERSION.dll
0x00007ffa603a0000 - 0x00007ffa603d1000 	C:\Windows\System32\IMM32.DLL
0x00007ff9e4ab0000 - 0x00007ff9e4b4b000 	C:\Program Files\Java\jdk-11.0.15\bin\msvcp140.dll
0x00007ff9e3b30000 - 0x00007ff9e4646000 	C:\Program Files\Java\jdk-11.0.15\bin\server\jvm.dll
0x00007ffa600f0000 - 0x00007ffa600f8000 	C:\Windows\System32\PSAPI.DLL
0x00007ffa1aaa0000 - 0x00007ffa1aaa9000 	C:\Windows\SYSTEM32\WSOCK32.dll
0x00007ffa54790000 - 0x00007ffa547c3000 	C:\Windows\SYSTEM32\WINMM.dll
0x00007ffa60280000 - 0x00007ffa602ef000 	C:\Windows\System32\WS2_32.dll
0x00007ffa5c9d0000 - 0x00007ffa5c9e8000 	C:\Windows\SYSTEM32\kernel.appcore.dll
0x00007ff9e5890000 - 0x00007ff9e58a0000 	C:\Program Files\Java\jdk-11.0.15\bin\verify.dll
0x00007ffa55280000 - 0x00007ffa554a1000 	C:\Windows\SYSTEM32\DBGHELP.DLL
0x00007ffa47d80000 - 0x00007ffa47db1000 	C:\Windows\SYSTEM32\dbgcore.DLL
0x00007ffa5da80000 - 0x00007ffa5daff000 	C:\Windows\System32\bcryptPrimitives.dll
0x00007ff9e4be0000 - 0x00007ff9e4c08000 	C:\Program Files\Java\jdk-11.0.15\bin\java.dll
0x00007ff9e4bd0000 - 0x00007ff9e4bda000 	C:\Program Files\Java\jdk-11.0.15\bin\jimage.dll
0x00007ffa59840000 - 0x00007ffa5984e000 	C:\Program Files\Java\jdk-11.0.15\bin\instrument.dll
0x00007ff9e4a90000 - 0x00007ff9e4aa6000 	C:\Program Files\Java\jdk-11.0.15\bin\zip.dll

dbghelp: loaded successfully - version: 4.0.5 - missing functions: none
symbol engine: initialized successfully - sym options: 0x614 - pdb path: .;C:\Program Files\Java\jdk-11.0.15\bin;C:\Windows\SYSTEM32;C:\Windows\WinSxS\amd64_microsoft.windows.common-controls_6595b64144ccf1df_6.0.22000.120_none_9d947278b86cc467;C:\Program Files\Java\jdk-11.0.15\bin\server

VM Arguments:
jvm_args: -XX:TieredStopAtLevel=1 -Xverify:none -Dspring.output.ansi.enabled=always -Dcom.sun.management.jmxremote -Dspring.jmx.enabled=true -Dspring.liveBeansView.mbeanDomain -Dspring.application.admin.enabled=true -javaagent:C:\Program Files\JetBrains\IntelliJ IDEA 2022.1.1\lib\idea_rt.jar=53364:C:\Program Files\JetBrains\IntelliJ IDEA 2022.1.1\bin -Dfile.encoding=UTF-8 
java_command: com.app.configclient.ConfigClientApplication
java_class_path (initial): C:\dev\projects\config-client\target\classes;C:\Users\AKINCI\.m2\repository\org\springframework\boot\spring-boot-starter-web\2.7.0\spring-boot-starter-web-2.7.0.jar;C:\Users\AKINCI\.m2\repository\org\springframework\boot\spring-boot-starter\2.7.0\spring-boot-starter-2.7.0.jar;C:\Users\AKINCI\.m2\repository\org\springframework\boot\spring-boot\2.7.0\spring-boot-2.7.0.jar;C:\Users\AKINCI\.m2\repository\org\springframework\boot\spring-boot-autoconfigure\2.7.0\spring-boot-autoconfigure-2.7.0.jar;C:\Users\AKINCI\.m2\repository\org\springframework\boot\spring-boot-starter-logging\2.7.0\spring-boot-starter-logging-2.7.0.jar;C:\Users\AKINCI\.m2\repository\ch\qos\logback\logback-classic\1.2.11\logback-classic-1.2.11.jar;C:\Users\AKINCI\.m2\repository\ch\qos\logback\logback-core\1.2.11\logback-core-1.2.11.jar;C:\Users\AKINCI\.m2\repository\org\apache\logging\log4j\log4j-to-slf4j\2.17.2\log4j-to-slf4j-2.17.2.jar;C:\Users\AKINCI\.m2\repository\org\apache\logging\log4j\log4j-api\2.17.2\log4j-api-2.17.2.jar;C:\Users\AKINCI\.m2\repository\org\slf4j\jul-to-slf4j\1.7.36\jul-to-slf4j-1.7.36.jar;C:\Users\AKINCI\.m2\repository\org\yaml\snakeyaml\1.30\snakeyaml-1.30.jar;C:\Users\AKINCI\.m2\repository\org\springframework\boot\spring-boot-starter-json\2.7.0\spring-boot-starter-json-2.7.0.jar;C:\Users\AKINCI\.m2\repository\com\fasterxml\jackson\datatype\jackson-datatype-jdk8\2.13.3\jackson-datatype-jdk8-2.13.3.jar;C:\Users\AKINCI\.m2\repository\com\fasterxml\jackson\datatype\jackson-datatype-jsr310\2.13.3\jackson-datatype-jsr310-2.13.3.jar;C:\Users\AKINCI\.m2\repository\com\fasterxml\jackson\module\jackson-module-parameter-names\2.13.3\jackson-module-parameter-names-2.13.3.jar;C:\Users\AKINCI\.m2\repository\org\springframework\spring-web\5.3.20\spring-web-5.3.20.jar;C:\Users\AKINCI\.m2\repository\org\springframework\spring-beans\5.3.20\spring-beans-5.3.20.jar;C:\Users\AKINCI\.m2\repository\org\springframework\spring-webmvc\5.3.20\spring-webmvc-5.3.20.jar;C:\Use
Launcher Type: SUN_STANDARD

[Global flags]
     bool BytecodeVerificationLocal                = false                                     {product} {command line}
     bool BytecodeVerificationRemote               = false                                     {product} {command line}
     intx CICompilerCount                          = 12                                        {product} {ergonomic}
     uint ConcGCThreads                            = 3                                         {product} {ergonomic}
     uint G1ConcRefinementThreads                  = 13                                        {product} {ergonomic}
   size_t G1HeapRegionSize                         = 1048576                                   {product} {ergonomic}
    uintx GCDrainStackTargetSize                   = 64                                        {product} {ergonomic}
   size_t InitialHeapSize                          = 123731968                                 {product} {ergonomic}
     bool ManagementServer                         = true                                      {product} {command line}
   size_t MarkStackSize                            = 4194304                                   {product} {ergonomic}
   size_t MaxHeapSize                              = 1979711488                                {product} {ergonomic}
   size_t MinHeapDeltaBytes                        = 1048576                                   {product} {ergonomic}
    uintx NonNMethodCodeHeapSize                   = 12163472                               {pd product} {ergonomic}
    uintx NonProfiledCodeHeapSize                  = 239494768                              {pd product} {ergonomic}
    uintx ProfiledCodeHeapSize                     = 0                                      {pd product} {ergonomic}
    uintx ReservedCodeCacheSize                    = 251658240                              {pd product} {ergonomic}
     bool SegmentedCodeCache                       = true                                      {product} {ergonomic}
     intx TieredStopAtLevel                        = 1                                         {product} {command line}
     bool UseCompressedClassPointers               = true                                 {lp64_product} {ergonomic}
     bool UseCompressedOops                        = true                                 {lp64_product} {ergonomic}
     bool UseG1GC                                  = true                                      {product} {ergonomic}
     bool UseLargePagesIndividualAllocation        = false                                  {pd product} {ergonomic}

Logging:
Log output configuration:
 #0: stdout all=warning uptime,level,tags
 #1: stderr all=off uptime,level,tags

Environment Variables:
PATH=C:\Program Files\Common Files\Oracle\Java\javapath;C:\Windows\system32;C:\Windows;C:\Windows\System32\Wbem;C:\Windows\System32\WindowsPowerShell\v1.0\;C:\Windows\System32\OpenSSH\;C:\Program Files\Git\cmd;C:\Program Files\Docker\Docker\resources\bin;C:\ProgramData\DockerDesktop\version-bin;C:\Users\AKINCI\AppData\Local\Programs\Python\Python310\Scripts\;C:\Users\AKINCI\AppData\Local\Programs\Python\Python310\;C:\Users\AKINCI\AppData\Local\Microsoft\WindowsApps;
USERNAME=AKINCI
OS=Windows_NT
PROCESSOR_IDENTIFIER=AMD64 Family 25 Model 80 Stepping 0, AuthenticAMD



---------------  S Y S T E M  ---------------

OS: Windows 11 , 64 bit Build 22000 (10.0.22000.675)
Hyper-V role detected

CPU:total 16 (initial active 16) (16 cores per cpu, 2 threads per core) family 25 model 80 stepping 0 microcode 0x0, cmov, cx8, fxsr, mmx, sse, sse2, sse3, ssse3, sse4.1, sse4.2, popcnt, avx, avx2, aes, clmul, erms, mmxext, 3dnowpref, lzcnt, sse4a, ht, tsc, tscinvbit, tscinv, bmi1, bmi2,

Memory: 4k page, system-wide physical 7549M (652M free)
TotalPageFile size 14717M (AvailPageFile size 108M)
current process WorkingSet (physical memory assigned to process): 10M, peak: 10M
current process commit charge ("private bytes"): 67M, peak: 185M

vm_info: Java HotSpot(TM) 64-Bit Server VM (11.0.15+8-LTS-149) for windows-amd64 JRE (11.0.15+8-LTS-149), built on Mar  9 2022 22:42:32 by "mach5one" with MS VC++ 15.9 (VS2017)

END.
